{"level":"info","message":{"latency":"6ms","method":"GET","status":404,"timestamp":"2024-04-22T10:55:05.144Z","type":"API Request","url":"/socket.io/?EIO=4&transport=polling&t=Oy5SVEd"}}
{"level":"info","message":{"latency":"1ms","method":"GET","status":404,"timestamp":"2024-04-22T10:55:07.129Z","type":"API Request","url":"/socket.io/?EIO=4&transport=polling&t=Oy5SVjr"}}
{"level":"info","message":{"latency":"1ms","method":"GET","status":404,"timestamp":"2024-04-22T10:55:10.132Z","type":"API Request","url":"/socket.io/?EIO=4&transport=polling&t=Oy5SWSj"}}
{"level":"info","message":{"latency":"1ms","method":"GET","status":404,"timestamp":"2024-04-22T10:55:16.146Z","type":"API Request","url":"/socket.io/?EIO=4&transport=polling&t=Oy5SXwS"}}
{"level":"info","message":{"latency":"1ms","method":"GET","status":404,"timestamp":"2024-04-22T10:55:22.127Z","type":"API Request","url":"/socket.io/?EIO=4&transport=polling&t=Oy5SZOB"}}
{"level":"info","message":{"latency":"1ms","method":"GET","status":404,"timestamp":"2024-04-22T10:55:28.130Z","type":"API Request","url":"/socket.io/?EIO=4&transport=polling&t=Oy5Sarz"}}
{"level":"info","message":{"latency":"1ms","method":"GET","status":404,"timestamp":"2024-04-22T10:55:34.129Z","type":"API Request","url":"/socket.io/?EIO=4&transport=polling&t=Oy5ScJi"}}
{"level":"info","message":{"latency":"1ms","method":"GET","status":404,"timestamp":"2024-04-22T10:55:40.130Z","type":"API Request","url":"/socket.io/?EIO=4&transport=polling&t=Oy5SdnS"}}
{"level":"info","message":{"latency":"3ms","method":"GET","status":404,"timestamp":"2024-04-22T10:55:46.133Z","type":"API Request","url":"/socket.io/?EIO=4&transport=polling&t=Oy5SfFC"}}
{"level":"info","message":{"latency":"2ms","method":"GET","status":404,"timestamp":"2024-04-22T10:55:52.131Z","type":"API Request","url":"/socket.io/?EIO=4&transport=polling&t=Oy5Sgiy"}}
{"level":"info","message":{"latency":"1ms","method":"GET","status":404,"timestamp":"2024-04-22T10:55:58.129Z","type":"API Request","url":"/socket.io/?EIO=4&transport=polling&t=Oy5SiAh"}}
{"level":"info","message":{"latency":"1ms","method":"GET","status":404,"timestamp":"2024-04-22T10:56:04.129Z","type":"API Request","url":"/socket.io/?EIO=4&transport=polling&t=Oy5SjeS"}}
{"level":"info","message":{"latency":"1ms","method":"GET","status":404,"timestamp":"2024-04-22T10:56:10.128Z","type":"API Request","url":"/socket.io/?EIO=4&transport=polling&t=Oy5Sl6B"}}
{"level":"info","message":{"latency":"1ms","method":"GET","status":404,"timestamp":"2024-04-22T10:56:16.129Z","type":"API Request","url":"/socket.io/?EIO=4&transport=polling&t=Oy5SmZx"}}
{"level":"info","message":{"latency":"1ms","method":"GET","status":404,"timestamp":"2024-04-22T10:56:22.127Z","type":"API Request","url":"/socket.io/?EIO=4&transport=polling&t=Oy5So1g"}}
{"level":"info","message":{"latency":"190ms","method":"GET","status":200,"timestamp":"2024-04-22T11:05:35.698Z","type":"API Request","url":"/api/product/all"}}
{"level":"info","message":{"latency":"1ms","method":"OPTIONS","status":204,"timestamp":"2024-04-22T11:06:34.708Z","type":"API Request","url":"/api/product/add"}}
{"level":"info","message":{"latency":"177ms","method":"POST","status":200,"timestamp":"2024-04-22T11:06:34.886Z","type":"API Request","url":"/api/product/add"}}
{"level":"info","message":{"latency":"148ms","method":"GET","status":200,"timestamp":"2024-04-22T11:10:49.123Z","type":"API Request","url":"/api/product/all"}}
{"level":"info","message":{"latency":"164ms","method":"GET","status":200,"timestamp":"2024-04-22T11:11:13.476Z","type":"API Request","url":"/api/product/662644baea29ef9a7836d70c"}}
{"level":"info","message":{"latency":"1ms","method":"OPTIONS","status":204,"timestamp":"2024-04-22T11:12:00.728Z","type":"API Request","url":"/api/product/remove"}}
{"level":"info","message":{"latency":"178ms","method":"DELETE","status":500,"timestamp":"2024-04-22T11:12:00.906Z","type":"API Request","url":"/api/product/remove"}}
{"level":"info","message":{"latency":"136ms","method":"GET","status":304,"timestamp":"2024-04-22T11:29:44.699Z","type":"API Request","url":"/api/product/all"}}
{"level":"info","message":{"latency":"120ms","method":"GET","status":304,"timestamp":"2024-04-22T11:30:27.859Z","type":"API Request","url":"/api/product/all"}}
{"level":"info","message":{"latency":"2ms","method":"OPTIONS","status":204,"timestamp":"2024-04-22T11:30:45.732Z","type":"API Request","url":"/api/product/remove/662644baea29ef9a7836d70c"}}
{"level":"info","message":{"latency":"159ms","method":"DELETE","status":500,"timestamp":"2024-04-22T11:30:45.893Z","type":"API Request","url":"/api/product/remove/662644baea29ef9a7836d70c"}}
{"level":"info","message":{"latency":"144ms","method":"GET","status":200,"timestamp":"2024-04-22T11:31:57.501Z","type":"API Request","url":"/api/product/all"}}
{"level":"info","message":{"latency":"2ms","method":"OPTIONS","status":204,"timestamp":"2024-04-22T11:32:34.997Z","type":"API Request","url":"/api/product/add"}}
{"level":"info","message":{"latency":"174ms","method":"POST","status":200,"timestamp":"2024-04-22T11:32:35.172Z","type":"API Request","url":"/api/product/add"}}
{"level":"info","message":{"latency":"181ms","method":"GET","status":200,"timestamp":"2024-04-22T11:32:45.509Z","type":"API Request","url":"/api/product/all"}}
{"level":"info","message":{"latency":"428ms","method":"GET","status":200,"timestamp":"2024-04-22T11:33:05.058Z","type":"API Request","url":"/api/product/66264ad3313bb97afc47592f"}}
{"level":"info","message":{"latency":"1ms","method":"OPTIONS","status":204,"timestamp":"2024-04-22T11:33:20.316Z","type":"API Request","url":"/api/product/update/66264ad3313bb97afc47592f"}}
{"level":"info","message":{"latency":"297ms","method":"PUT","status":200,"timestamp":"2024-04-22T11:33:20.615Z","type":"API Request","url":"/api/product/update/66264ad3313bb97afc47592f"}}
{"level":"info","message":{"latency":"152ms","method":"GET","status":200,"timestamp":"2024-04-22T11:33:27.255Z","type":"API Request","url":"/api/product/all"}}
{"level":"info","message":{"latency":"1ms","method":"OPTIONS","status":204,"timestamp":"2024-04-22T11:33:44.076Z","type":"API Request","url":"/api/product/remove/66264ad3313bb97afc47592f"}}
{"level":"info","message":{"latency":"149ms","method":"DELETE","status":200,"timestamp":"2024-04-22T11:33:44.226Z","type":"API Request","url":"/api/product/remove/66264ad3313bb97afc47592f"}}
{"level":"info","message":{"latency":"198ms","method":"GET","status":200,"timestamp":"2024-04-22T11:33:51.583Z","type":"API Request","url":"/api/product/all"}}
